Arguments: 
  C:\Program Files\nodejs\node.exe C:\Users\ICT\AppData\Roaming\npm\node_modules\yarn\bin\yarn.js publish

PATH: 
  C:\Program Files\ImageMagick-7.1.1-Q16;C:\Program Files (x86)\VMware\VMware Workstation\bin\;C:\Program Files (x86)\Common Files\Oracle\Java\javapath;C:\Windows\system32;C:\Windows;C:\Windows\System32\Wbem;C:\Windows\System32\WindowsPowerShell\v1.0\;C:\Windows\System32\OpenSSH\;C:\Program Files\MySQL\MySQL Shell 8.0\bin\;C:\Users\ICT\.dotnet\tools;C:\Program Files\Azure Data Studio\bin;C:\Program Files\PHP\8.2.0;C:\Program Files\MySQL\MySQL Server 8.0\bin;C:\Program Files\Notepad++;C:\Apache24\bin;C:\Nginx;C:\Program Files (x86)\Nmap;C:\Users\ICT\AppData\Local\Programs\Microsoft VS Code\bin;C:\tools\dart-sdk\bin;C:\Users\ICT\AppData\Roaming\Pub\Cache\bin;C:\Users\ICT\AppData\Local\JetBrains\Toolbox\scripts;C:\Program Files (x86)\ImgBurn;C:\scrcpy-win64-v1.24;C:\Program Files\nodejs;D:\AppData\Roaming\AndroidStudio\SDK\tools\bin;C:\Users\ICT\.dotnet\tools;C:\Users\ICT\go\bin;C:\Users\ICT\AppData\Local\GitHubDesktop\bin;C:\Program Files\Oracle\VirtualBox;D:\AppData\Roaming\AndroidStudio\SDK\platform-tools;C:\Users\ICT\AppData\Roaming\Composer\vendor\bin;D:\AppData\Roaming\AndroidStudio\SDK\emulator;C:\Program Files (x86)\HP\Common\HPDestPlgIn\;C:\PSTools;C:\Users\ICT\AppData\Roaming\npm;C:\SysinternalsSuite;C:\Program Files\Elastic\Beats\8.7.1;C:\Program Files\osquery;C:\Python310;C:\Python310\Scripts;c:\python310\lib\site-packages;C:\Program Files\dotnet;C:\Program Files\dotnet\;C:\WINDOWS\system32;C:\WINDOWS;C:\WINDOWS\System32\Wbem;C:\WINDOWS\System32\WindowsPowerShell\v1.0\;C:\WINDOWS\System32\OpenSSH\;C:\ProgramData\ComposerSetup\bin;C:\php_imagick-3.7.0;C:\Program Files\ImageMagick-7.1.1-Q16;C:\Program Files\Git\cmd;C:\Program Files\PowerShell\7\;C:\Program Files (x86)\WinSCP\;C:\Program Files\Git LFS;C:\Program Files\PuTTY\;C:\Program Files\MySQL\MySQL Shell 8.0\bin\;C:\Users\ICT\AppData\Local\Microsoft\WindowsApps;C:\Users\ICT\.dotnet\tools;C:\Program Files\Azure Data Studio\bin;C:\Program Files\PHP\8.2.0;C:\Program Files\MySQL\MySQL Server 8.0\bin;C:\Program Files\Git\bin;C:\Program Files\Notepad++;C:\Apache24\bin;C:\Nginx;C:\Program Files (x86)\Nmap;C:\Users\ICT\AppData\Local\Programs\Microsoft VS Code\bin;C:\tools\dart-sdk\bin;C:\Users\ICT\AppData\Roaming\Pub\Cache\bin;C:\Users\ICT\AppData\Local\JetBrains\Toolbox\scripts;C:\Program Files (x86)\ImgBurn;C:\scrcpy-win64-v1.24;C:\Program Files\nodejs;D:\AppData\Roaming\AndroidStudio\SDK\tools\bin;C:\Users\ICT\.dotnet\tools;C:\Users\ICT\go\bin;C:\Users\ICT\AppData\Local\GitHubDesktop\bin;C:\Program Files\Oracle\VirtualBox;D:\AppData\Roaming\AndroidStudio\SDK\platform-tools;C:\Users\ICT\AppData\Roaming\Composer\vendor\bin;D:\AppData\Roaming\AndroidStudio\SDK\emulator;C:\Program Files (x86)\HP\Common\HPDestPlgIn\;C:\PSTools;C:\Users\ICT\AppData\Roaming\npm;C:\SysinternalsSuite;C:\Program Files\osquery;C:\Python310;C:\Python310\Scripts;c:\python310\lib\site-packages;C:\Program Files\dotnet;C:\Users\ICT\AppData\Local\Microsoft\WindowsApps;C:\ProgramData\ComposerSetup\bin;C:\php_imagick-3.7.0;C:\Program Files\ImageMagick-7.1.1-Q16;

Yarn version: 
  1.22.19

Node version: 
  21.5.0

Platform: 
  win32 x64

Trace: 
  Error: https://repo.huaweicloud.com/repository/npm/-/user/org.couchdb.user:smnjuguna: Request "https://repo.huaweicloud.com/repository/npm/-/user/org.couchdb.user:smnjuguna" returned a 405
      at params.callback [as _callback] (C:\Users\ICT\AppData\Roaming\npm\node_modules\yarn\lib\cli.js:66154:18)
      at self.callback (C:\Users\ICT\AppData\Roaming\npm\node_modules\yarn\lib\cli.js:140890:22)
      at Request.emit (node:events:519:28)
      at Request.<anonymous> (C:\Users\ICT\AppData\Roaming\npm\node_modules\yarn\lib\cli.js:141862:10)
      at Request.emit (node:events:519:28)
      at IncomingMessage.<anonymous> (C:\Users\ICT\AppData\Roaming\npm\node_modules\yarn\lib\cli.js:141784:12)
      at Object.onceWrapper (node:events:633:28)
      at IncomingMessage.emit (node:events:531:35)
      at endReadableNT (node:internal/streams/readable:1696:12)
      at process.processTicksAndRejections (node:internal/process/task_queues:82:21)

npm manifest: 
  {
    "name": "soteriacrypt",
    "version": "1.0.0",
    "description": "Package for encrypting and decrypting using AES-256-CBC",
    "main": "index.js",
    "scripts": {
      "start": "node index.js",
      "test": "jest"
    },
    "repository": {
      "type": "git",
      "url": "git+https://github.com/smnjuguna/soteriacrypt.git"
    },
    "keywords": [
      "AES",
      "Encryption"
    ],
    "author": "Simon Peter",
    "license": "MIT",
    "bugs": {
      "url": "https://github.com/smnjuguna/soteriacrypt/issues"
    },
    "homepage": "https://github.com/smnjuguna/soteriacrypt#readme",
    "dependencies": {
      "dotenv": "^16.3.1"
    }
  }

yarn manifest: 
  No manifest

Lockfile: 
  # THIS IS AN AUTOGENERATED FILE. DO NOT EDIT THIS FILE DIRECTLY.
  # yarn lockfile v1
  
  
  dotenv@^16.3.1:
    version "16.3.1"
    resolved "https://repo.huaweicloud.com/repository/npm/dotenv/-/dotenv-16.3.1.tgz#369034de7d7e5b120972693352a3bf112172cc3e"
    integrity sha512-IPzF4w4/Rd94bA9imS68tZBaYyBWSCE47V1RGuMrB94iyTOIEwRmVL2x/4An+6mETpLrKJ5hQkB8W4kFAadeIQ==
